Using pre-set license
Built from '2020.2/release' branch; Version is '2020.2.1f1 (270dd8c3da1c) revision 2559448'; Using compiler version '192528614'; Build Type 'Release'
OS: 'Windows 10  (10.0.0) 64bit' Language: 'en' Physical Memory: 16299 MB
BatchMode: 1, IsHumanControllingUs: 0, StartBugReporterOnCrash: 0, Is64bit: 1, IsPro: 0

 COMMAND LINE ARGUMENTS:
C:\Program Files\Unity\Hub\Editor\2020.2.1f1\Editor\Unity.exe
-adb2
-batchMode
-noUpm
-name
AssetImportWorker0
-projectPath
C:/Users/stink/Unity Projects/UATanks Project/ASweet_UATanks
-logFile
Logs/AssetImportWorker0.log
-srvPort
46029
Successfully changed project path to: C:/Users/stink/Unity Projects/UATanks Project/ASweet_UATanks
C:/Users/stink/Unity Projects/UATanks Project/ASweet_UATanks
Using Asset Import Pipeline V2.
Refreshing native plugins compatible for Editor in 21.34 ms, found 0 plugins.
Preloading 0 native plugins for Editor in 0.00 ms.
Initialize engine version: 2020.2.1f1 (270dd8c3da1c)
[Subsystems] Discovering subsystems at path C:/Program Files/Unity/Hub/Editor/2020.2.1f1/Editor/Data/Resources/UnitySubsystems
[Subsystems] Discovering subsystems at path C:/Users/stink/Unity Projects/UATanks Project/ASweet_UATanks/Assets
GfxDevice: creating device client; threaded=0
Direct3D:
    Version:  Direct3D 11.0 [level 11.1]
    Renderer: NVIDIA GeForce GTX 1660 Ti (ID=0x2182)
    Vendor:   
    VRAM:     5991 MB
    Driver:   27.21.14.5671
Initialize mono
Mono path[0] = 'C:/Program Files/Unity/Hub/Editor/2020.2.1f1/Editor/Data/Managed'
Mono path[1] = 'C:/Program Files/Unity/Hub/Editor/2020.2.1f1/Editor/Data/MonoBleedingEdge/lib/mono/unityjit'
Mono config path = 'C:/Program Files/Unity/Hub/Editor/2020.2.1f1/Editor/Data/MonoBleedingEdge/etc'
Using monoOptions --debugger-agent=transport=dt_socket,embedding=1,server=y,suspend=n,address=127.0.0.1:56224
Begin MonoManager ReloadAssembly
Registering precompiled unity dll's ...
Register platform support module: C:/Program Files/Unity/Hub/Editor/2020.2.1f1/Editor/Data/PlaybackEngines/WindowsStandaloneSupport/UnityEditor.WindowsStandalone.Extensions.dll
Registered in 0.001572 seconds.
Native extension for WindowsStandalone target not found
Refreshing native plugins compatible for Editor in 20.93 ms, found 0 plugins.
Preloading 0 native plugins for Editor in 0.00 ms.
Invoked RoslynAnalysisRunner static constructor.
RoslynAnalysisRunner will not be running.
RoslynAnalysisRunner has terminated.
Mono: successfully reloaded assembly
- Completed reload, in  1.462 seconds
Platform modules already initialized, skipping
Registering precompiled user dll's ...
Registered in 0.000498 seconds.
Begin MonoManager ReloadAssembly
Native extension for WindowsStandalone target not found
Refreshing native plugins compatible for Editor in 0.23 ms, found 0 plugins.
Preloading 0 native plugins for Editor in 0.00 ms.
Invoked RoslynAnalysisRunner static constructor.
RoslynAnalysisRunner will not be running.
RoslynAnalysisRunner has terminated.
Mono: successfully reloaded assembly
- Completed reload, in  0.681 seconds
Platform modules already initialized, skipping
========================================================================
Worker process is ready to serve import requests
Launched and connected shader compiler UnityShaderCompiler.exe after 0.03 seconds
Refreshing native plugins compatible for Editor in 0.25 ms, found 0 plugins.
Preloading 0 native plugins for Editor in 0.00 ms.
Unloading 1095 Unused Serialized files (Serialized files now loaded: 0)
System memory in use before: 56.3 MB.
System memory in use after: 56.3 MB.

Unloading 10 unused Assets to reduce memory usage. Loaded Objects now: 1536.
Total: 1.709500 ms (FindLiveObjects: 0.147900 ms CreateObjectMapping: 0.025400 ms MarkObjects: 1.465700 ms  DeleteObjects: 0.069600 ms)

========================================================================
Received Import Request.
  path: Assets/Scripts/TankMotor.cs
  artifactKey: Guid(2440a4c54f44e0348a62381c2b5f90b0) Importer(815301076,1909f56bfc062723c751e8b465ee728b)
Start importing Assets/Scripts/TankMotor.cs using Guid(2440a4c54f44e0348a62381c2b5f90b0) Importer(815301076,1909f56bfc062723c751e8b465ee728b)  -> (artifact id: '5392bfba454a64ab737b78666af062be') in 0.026869 seconds
  Import took 0.028931 seconds .

========================================================================
Received Prepare
Registering precompiled user dll's ...
Registered in 0.000584 seconds.
Begin MonoManager ReloadAssembly
Native extension for WindowsStandalone target not found
Refreshing native plugins compatible for Editor in 0.26 ms, found 0 plugins.
Preloading 0 native plugins for Editor in 0.00 ms.
Invoked RoslynAnalysisRunner static constructor.
RoslynAnalysisRunner will not be running.
RoslynAnalysisRunner has terminated.
Mono: successfully reloaded assembly
- Completed reload, in  0.648 seconds
Platform modules already initialized, skipping
Refreshing native plugins compatible for Editor in 0.22 ms, found 0 plugins.
Preloading 0 native plugins for Editor in 0.00 ms.
Unloading 1090 Unused Serialized files (Serialized files now loaded: 0)
System memory in use before: 56.4 MB.
System memory in use after: 56.4 MB.

Unloading 5 unused Assets to reduce memory usage. Loaded Objects now: 1538.
Total: 1.546300 ms (FindLiveObjects: 0.142200 ms CreateObjectMapping: 0.027400 ms MarkObjects: 1.326600 ms  DeleteObjects: 0.049200 ms)

========================================================================
Received Import Request.
  Time since last request: 2569.996958 seconds.
  path: Assets/Scripts/TankMotor.cs
  artifactKey: Guid(2440a4c54f44e0348a62381c2b5f90b0) Importer(815301076,1909f56bfc062723c751e8b465ee728b)
Start importing Assets/Scripts/TankMotor.cs using Guid(2440a4c54f44e0348a62381c2b5f90b0) Importer(815301076,1909f56bfc062723c751e8b465ee728b)  -> (artifact id: '7a27869a6fc0d988ffc5c700a83205c3') in 0.005798 seconds
  Import took 0.008108 seconds .

========================================================================
Received Prepare
Registering precompiled user dll's ...
Registered in 0.000521 seconds.
Begin MonoManager ReloadAssembly
Native extension for WindowsStandalone target not found
Refreshing native plugins compatible for Editor in 0.25 ms, found 0 plugins.
Preloading 0 native plugins for Editor in 0.00 ms.
Invoked RoslynAnalysisRunner static constructor.
RoslynAnalysisRunner will not be running.
RoslynAnalysisRunner has terminated.
Mono: successfully reloaded assembly
- Completed reload, in  0.649 seconds
Platform modules already initialized, skipping
Refreshing native plugins compatible for Editor in 0.26 ms, found 0 plugins.
Preloading 0 native plugins for Editor in 0.00 ms.
Unloading 1090 Unused Serialized files (Serialized files now loaded: 0)
System memory in use before: 56.5 MB.
System memory in use after: 56.5 MB.

Unloading 5 unused Assets to reduce memory usage. Loaded Objects now: 1540.
Total: 1.567200 ms (FindLiveObjects: 0.161000 ms CreateObjectMapping: 0.027500 ms MarkObjects: 1.330500 ms  DeleteObjects: 0.047400 ms)

========================================================================
Received Import Request.
  Time since last request: 608.772736 seconds.
  path: Assets/Scripts/TankMotor.cs
  artifactKey: Guid(2440a4c54f44e0348a62381c2b5f90b0) Importer(815301076,1909f56bfc062723c751e8b465ee728b)
Start importing Assets/Scripts/TankMotor.cs using Guid(2440a4c54f44e0348a62381c2b5f90b0) Importer(815301076,1909f56bfc062723c751e8b465ee728b)  -> (artifact id: '6d31840ab54c35d8ba132114a80e02cf') in 0.004272 seconds
  Import took 0.006296 seconds .

========================================================================
Received Import Request.
  Time since last request: 3812.073696 seconds.
  path: Assets/Scripts/TankMotor.cs
  artifactKey: Guid(2440a4c54f44e0348a62381c2b5f90b0) Importer(815301076,1909f56bfc062723c751e8b465ee728b)
Start importing Assets/Scripts/TankMotor.cs using Guid(2440a4c54f44e0348a62381c2b5f90b0) Importer(815301076,1909f56bfc062723c751e8b465ee728b)  -> (artifact id: '083d2a048f4531dd22a38012892a0c92') in 0.007412 seconds
  Import took 0.010227 seconds .

========================================================================
Received Import Request.
  Time since last request: 0.000320 seconds.
  path: Assets/Scripts/TankMotor.cs
  artifactKey: Guid(2440a4c54f44e0348a62381c2b5f90b0) Importer(815301076,1909f56bfc062723c751e8b465ee728b)
Start importing Assets/Scripts/TankMotor.cs using Guid(2440a4c54f44e0348a62381c2b5f90b0) Importer(815301076,1909f56bfc062723c751e8b465ee728b)  -> (artifact id: '083d2a048f4531dd22a38012892a0c92') in 0.002632 seconds
  Import took 0.004758 seconds .

========================================================================
Received Import Request.
  Time since last request: 28.111399 seconds.
  path: Assets/Scripts/TankMotor.cs
  artifactKey: Guid(2440a4c54f44e0348a62381c2b5f90b0) Importer(815301076,1909f56bfc062723c751e8b465ee728b)
Start importing Assets/Scripts/TankMotor.cs using Guid(2440a4c54f44e0348a62381c2b5f90b0) Importer(815301076,1909f56bfc062723c751e8b465ee728b)  -> (artifact id: 'e150d9e5150af0b6446baddbb62fe534') in 0.002711 seconds
  Import took 0.005078 seconds .

========================================================================
Received Import Request.
  Time since last request: 174.379565 seconds.
  path: Assets/Scripts/TankMotor.cs
  artifactKey: Guid(2440a4c54f44e0348a62381c2b5f90b0) Importer(815301076,1909f56bfc062723c751e8b465ee728b)
Start importing Assets/Scripts/TankMotor.cs using Guid(2440a4c54f44e0348a62381c2b5f90b0) Importer(815301076,1909f56bfc062723c751e8b465ee728b)  -> (artifact id: 'f90108762146f6d495f9c6e2bcec8917') in 0.002576 seconds
  Import took 0.007118 seconds .

========================================================================
Received Import Request.
  Time since last request: 0.000374 seconds.
  path: Assets/Scripts/TankMotor.cs
  artifactKey: Guid(2440a4c54f44e0348a62381c2b5f90b0) Importer(815301076,1909f56bfc062723c751e8b465ee728b)
Start importing Assets/Scripts/TankMotor.cs using Guid(2440a4c54f44e0348a62381c2b5f90b0) Importer(815301076,1909f56bfc062723c751e8b465ee728b)  -> (artifact id: 'f90108762146f6d495f9c6e2bcec8917') in 0.002293 seconds
  Import took 0.003630 seconds .

========================================================================
Received Import Request.
  Time since last request: 3276.807248 seconds.
  path: Assets/Scripts/TankMotor.cs
  artifactKey: Guid(2440a4c54f44e0348a62381c2b5f90b0) Importer(815301076,1909f56bfc062723c751e8b465ee728b)
Start importing Assets/Scripts/TankMotor.cs using Guid(2440a4c54f44e0348a62381c2b5f90b0) Importer(815301076,1909f56bfc062723c751e8b465ee728b)  -> (artifact id: 'fd579306f469d0ad60538e3f18deb93a') in 0.003514 seconds
  Import took 0.006083 seconds .

========================================================================
Received Import Request.
  Time since last request: 0.001392 seconds.
  path: Assets/Scripts/TankMotor.cs
  artifactKey: Guid(2440a4c54f44e0348a62381c2b5f90b0) Importer(815301076,1909f56bfc062723c751e8b465ee728b)
Start importing Assets/Scripts/TankMotor.cs using Guid(2440a4c54f44e0348a62381c2b5f90b0) Importer(815301076,1909f56bfc062723c751e8b465ee728b)  -> (artifact id: 'fd579306f469d0ad60538e3f18deb93a') in 0.002279 seconds
  Import took 0.004184 seconds .

========================================================================
Received Import Request.
  Time since last request: 44.534970 seconds.
  path: Assets/Scripts/TankMotor.cs
  artifactKey: Guid(2440a4c54f44e0348a62381c2b5f90b0) Importer(815301076,1909f56bfc062723c751e8b465ee728b)
Start importing Assets/Scripts/TankMotor.cs using Guid(2440a4c54f44e0348a62381c2b5f90b0) Importer(815301076,1909f56bfc062723c751e8b465ee728b)  -> (artifact id: '221cddbec678a36e21b1bdd8178275a0') in 0.002677 seconds
  Import took 0.005095 seconds .

========================================================================
Received Import Request.
  Time since last request: 0.001317 seconds.
  path: Assets/Scripts/TankMotor.cs
  artifactKey: Guid(2440a4c54f44e0348a62381c2b5f90b0) Importer(815301076,1909f56bfc062723c751e8b465ee728b)
Start importing Assets/Scripts/TankMotor.cs using Guid(2440a4c54f44e0348a62381c2b5f90b0) Importer(815301076,1909f56bfc062723c751e8b465ee728b)  -> (artifact id: '221cddbec678a36e21b1bdd8178275a0') in 0.002841 seconds
  Import took 0.005013 seconds .

========================================================================
Received Import Request.
  Time since last request: 8.622931 seconds.
  path: Assets/Scripts/TestController.cs
  artifactKey: Guid(d46ebb4efa39c524c9e12b513aa59c16) Importer(815301076,1909f56bfc062723c751e8b465ee728b)
Start importing Assets/Scripts/TestController.cs using Guid(d46ebb4efa39c524c9e12b513aa59c16) Importer(815301076,1909f56bfc062723c751e8b465ee728b)  -> (artifact id: '4deb6be932def2ae5fb09b451f2b0c67') in 0.007411 seconds
  Import took 0.011432 seconds .

========================================================================
Received Prepare
Registering precompiled user dll's ...
Registered in 0.000790 seconds.
Begin MonoManager ReloadAssembly
Native extension for WindowsStandalone target not found
Refreshing native plugins compatible for Editor in 0.42 ms, found 0 plugins.
Preloading 0 native plugins for Editor in 0.00 ms.
Invoked RoslynAnalysisRunner static constructor.
RoslynAnalysisRunner will not be running.
RoslynAnalysisRunner has terminated.
Mono: successfully reloaded assembly
- Completed reload, in  0.772 seconds
Platform modules already initialized, skipping
Refreshing native plugins compatible for Editor in 0.24 ms, found 0 plugins.
Preloading 0 native plugins for Editor in 0.00 ms.
Unloading 1091 Unused Serialized files (Serialized files now loaded: 0)
System memory in use before: 56.6 MB.
System memory in use after: 56.7 MB.

Unloading 5 unused Assets to reduce memory usage. Loaded Objects now: 1543.
Total: 1.971200 ms (FindLiveObjects: 0.192600 ms CreateObjectMapping: 0.028400 ms MarkObjects: 1.693500 ms  DeleteObjects: 0.055000 ms)

========================================================================
Received Prepare
Registering precompiled user dll's ...
Registered in 0.000849 seconds.
Begin MonoManager ReloadAssembly
Native extension for WindowsStandalone target not found
Refreshing native plugins compatible for Editor in 0.24 ms, found 0 plugins.
Preloading 0 native plugins for Editor in 0.00 ms.
Invoked RoslynAnalysisRunner static constructor.
RoslynAnalysisRunner will not be running.
RoslynAnalysisRunner has terminated.
Mono: successfully reloaded assembly
- Completed reload, in  0.656 seconds
Platform modules already initialized, skipping
Refreshing native plugins compatible for Editor in 0.23 ms, found 0 plugins.
Preloading 0 native plugins for Editor in 0.00 ms.
Unloading 1091 Unused Serialized files (Serialized files now loaded: 0)
System memory in use before: 56.7 MB.
System memory in use after: 56.7 MB.

Unloading 5 unused Assets to reduce memory usage. Loaded Objects now: 1545.
Total: 1.601200 ms (FindLiveObjects: 0.182700 ms CreateObjectMapping: 0.029500 ms MarkObjects: 1.338100 ms  DeleteObjects: 0.049700 ms)

========================================================================
Received Import Request.
  Time since last request: 1884.933373 seconds.
  path: Assets/Scripts/TestController.cs
  artifactKey: Guid(d46ebb4efa39c524c9e12b513aa59c16) Importer(815301076,1909f56bfc062723c751e8b465ee728b)
Start importing Assets/Scripts/TestController.cs using Guid(d46ebb4efa39c524c9e12b513aa59c16) Importer(815301076,1909f56bfc062723c751e8b465ee728b)  -> (artifact id: 'fc3ae52bb64446c85c64a0f7e46c7cd7') in 0.004284 seconds
  Import took 0.006167 seconds .

========================================================================
Received Prepare
Registering precompiled user dll's ...
Registered in 0.000612 seconds.
Begin MonoManager ReloadAssembly
Native extension for WindowsStandalone target not found
Refreshing native plugins compatible for Editor in 0.24 ms, found 0 plugins.
Preloading 0 native plugins for Editor in 0.00 ms.
Invoked RoslynAnalysisRunner static constructor.
RoslynAnalysisRunner will not be running.
RoslynAnalysisRunner has terminated.
Mono: successfully reloaded assembly
- Completed reload, in  0.629 seconds
Platform modules already initialized, skipping
Refreshing native plugins compatible for Editor in 0.24 ms, found 0 plugins.
Preloading 0 native plugins for Editor in 0.00 ms.
Unloading 1091 Unused Serialized files (Serialized files now loaded: 0)
System memory in use before: 56.7 MB.
System memory in use after: 56.8 MB.

Unloading 5 unused Assets to reduce memory usage. Loaded Objects now: 1547.
Total: 1.576800 ms (FindLiveObjects: 0.170800 ms CreateObjectMapping: 0.024100 ms MarkObjects: 1.332500 ms  DeleteObjects: 0.048600 ms)

========================================================================
Received Prepare
Registering precompiled user dll's ...
Registered in 0.000680 seconds.
Begin MonoManager ReloadAssembly
Native extension for WindowsStandalone target not found
Refreshing native plugins compatible for Editor in 0.27 ms, found 0 plugins.
Preloading 0 native plugins for Editor in 0.00 ms.
Invoked RoslynAnalysisRunner static constructor.
RoslynAnalysisRunner will not be running.
RoslynAnalysisRunner has terminated.
Mono: successfully reloaded assembly
- Completed reload, in  0.694 seconds
Platform modules already initialized, skipping
Refreshing native plugins compatible for Editor in 0.24 ms, found 0 plugins.
Preloading 0 native plugins for Editor in 0.00 ms.
Unloading 1091 Unused Serialized files (Serialized files now loaded: 0)
System memory in use before: 56.8 MB.
System memory in use after: 56.9 MB.

Unloading 5 unused Assets to reduce memory usage. Loaded Objects now: 1549.
Total: 1.573500 ms (FindLiveObjects: 0.179100 ms CreateObjectMapping: 0.026300 ms MarkObjects: 1.316300 ms  DeleteObjects: 0.050900 ms)

========================================================================
Received Prepare
Registering precompiled user dll's ...
Registered in 0.000637 seconds.
Begin MonoManager ReloadAssembly
Native extension for WindowsStandalone target not found
Refreshing native plugins compatible for Editor in 0.24 ms, found 0 plugins.
Preloading 0 native plugins for Editor in 0.00 ms.
Invoked RoslynAnalysisRunner static constructor.
RoslynAnalysisRunner will not be running.
RoslynAnalysisRunner has terminated.
Mono: successfully reloaded assembly
- Completed reload, in  0.648 seconds
Platform modules already initialized, skipping
Refreshing native plugins compatible for Editor in 0.25 ms, found 0 plugins.
Preloading 0 native plugins for Editor in 0.00 ms.
Unloading 1091 Unused Serialized files (Serialized files now loaded: 0)
System memory in use before: 56.9 MB.
System memory in use after: 57.0 MB.

Unloading 5 unused Assets to reduce memory usage. Loaded Objects now: 1551.
Total: 1.758200 ms (FindLiveObjects: 0.196100 ms CreateObjectMapping: 0.028200 ms MarkObjects: 1.484300 ms  DeleteObjects: 0.048500 ms)

========================================================================
Received Prepare
Registering precompiled user dll's ...
Registered in 0.000602 seconds.
Begin MonoManager ReloadAssembly
Native extension for WindowsStandalone target not found
Refreshing native plugins compatible for Editor in 0.24 ms, found 0 plugins.
Preloading 0 native plugins for Editor in 0.00 ms.
Invoked RoslynAnalysisRunner static constructor.
RoslynAnalysisRunner will not be running.
RoslynAnalysisRunner has terminated.
Mono: successfully reloaded assembly
- Completed reload, in  0.642 seconds
Platform modules already initialized, skipping
Refreshing native plugins compatible for Editor in 0.24 ms, found 0 plugins.
Preloading 0 native plugins for Editor in 0.00 ms.
Unloading 1091 Unused Serialized files (Serialized files now loaded: 0)
System memory in use before: 57.0 MB.
System memory in use after: 57.1 MB.

Unloading 5 unused Assets to reduce memory usage. Loaded Objects now: 1553.
Total: 1.560300 ms (FindLiveObjects: 0.215400 ms CreateObjectMapping: 0.037500 ms MarkObjects: 1.264600 ms  DeleteObjects: 0.041900 ms)

========================================================================
Received Prepare
Registering precompiled user dll's ...
Registered in 0.000506 seconds.
Begin MonoManager ReloadAssembly
Native extension for WindowsStandalone target not found
Refreshing native plugins compatible for Editor in 0.28 ms, found 0 plugins.
Preloading 0 native plugins for Editor in 0.00 ms.
Invoked RoslynAnalysisRunner static constructor.
RoslynAnalysisRunner will not be running.
RoslynAnalysisRunner has terminated.
Mono: successfully reloaded assembly
- Completed reload, in  0.653 seconds
Platform modules already initialized, skipping
Refreshing native plugins compatible for Editor in 0.24 ms, found 0 plugins.
Preloading 0 native plugins for Editor in 0.00 ms.
Unloading 1091 Unused Serialized files (Serialized files now loaded: 0)
System memory in use before: 57.1 MB.
System memory in use after: 57.1 MB.

Unloading 5 unused Assets to reduce memory usage. Loaded Objects now: 1555.
Total: 1.772600 ms (FindLiveObjects: 0.267700 ms CreateObjectMapping: 0.042100 ms MarkObjects: 1.410800 ms  DeleteObjects: 0.050300 ms)

========================================================================
Received Prepare
Registering precompiled user dll's ...
Registered in 0.000669 seconds.
Begin MonoManager ReloadAssembly
Native extension for WindowsStandalone target not found
Refreshing native plugins compatible for Editor in 0.26 ms, found 0 plugins.
Preloading 0 native plugins for Editor in 0.00 ms.
Invoked RoslynAnalysisRunner static constructor.
RoslynAnalysisRunner will not be running.
RoslynAnalysisRunner has terminated.
Mono: successfully reloaded assembly
- Completed reload, in  0.686 seconds
Platform modules already initialized, skipping
Refreshing native plugins compatible for Editor in 0.29 ms, found 0 plugins.
Preloading 0 native plugins for Editor in 0.00 ms.
Unloading 1091 Unused Serialized files (Serialized files now loaded: 0)
System memory in use before: 57.2 MB.
System memory in use after: 57.2 MB.

Unloading 5 unused Assets to reduce memory usage. Loaded Objects now: 1557.
Total: 1.748200 ms (FindLiveObjects: 0.189600 ms CreateObjectMapping: 0.027600 ms MarkObjects: 1.474600 ms  DeleteObjects: 0.054300 ms)

========================================================================
Received Import Request.
  Time since last request: 1971.987340 seconds.
  path: Assets/Scripts/TankMotor.cs
  artifactKey: Guid(2440a4c54f44e0348a62381c2b5f90b0) Importer(815301076,1909f56bfc062723c751e8b465ee728b)
Start importing Assets/Scripts/TankMotor.cs using Guid(2440a4c54f44e0348a62381c2b5f90b0) Importer(815301076,1909f56bfc062723c751e8b465ee728b)  -> (artifact id: '492cdcbcceafb3754deb156c9893653d') in 0.008783 seconds
  Import took 0.011509 seconds .

========================================================================
Received Import Request.
  Time since last request: 0.001768 seconds.
  path: Assets/Scripts/TankMotor.cs
  artifactKey: Guid(2440a4c54f44e0348a62381c2b5f90b0) Importer(815301076,1909f56bfc062723c751e8b465ee728b)
Start importing Assets/Scripts/TankMotor.cs using Guid(2440a4c54f44e0348a62381c2b5f90b0) Importer(815301076,1909f56bfc062723c751e8b465ee728b)  -> (artifact id: '492cdcbcceafb3754deb156c9893653d') in 0.002583 seconds
  Import took 0.004679 seconds .

========================================================================
Received Prepare
Registering precompiled user dll's ...
Registered in 0.000710 seconds.
Begin MonoManager ReloadAssembly
Native extension for WindowsStandalone target not found
Refreshing native plugins compatible for Editor in 0.24 ms, found 0 plugins.
Preloading 0 native plugins for Editor in 0.00 ms.
Invoked RoslynAnalysisRunner static constructor.
RoslynAnalysisRunner will not be running.
RoslynAnalysisRunner has terminated.
Mono: successfully reloaded assembly
- Completed reload, in  0.658 seconds
Platform modules already initialized, skipping
Refreshing native plugins compatible for Editor in 0.26 ms, found 0 plugins.
Preloading 0 native plugins for Editor in 0.00 ms.
Unloading 1091 Unused Serialized files (Serialized files now loaded: 0)
System memory in use before: 57.2 MB.
System memory in use after: 57.3 MB.

Unloading 5 unused Assets to reduce memory usage. Loaded Objects now: 1559.
Total: 1.591900 ms (FindLiveObjects: 0.170600 ms CreateObjectMapping: 0.026000 ms MarkObjects: 1.334800 ms  DeleteObjects: 0.059600 ms)

========================================================================
Received Import Request.
  Time since last request: 30.681247 seconds.
  path: Assets/Scripts/TestController.cs
  artifactKey: Guid(d46ebb4efa39c524c9e12b513aa59c16) Importer(815301076,1909f56bfc062723c751e8b465ee728b)
Start importing Assets/Scripts/TestController.cs using Guid(d46ebb4efa39c524c9e12b513aa59c16) Importer(815301076,1909f56bfc062723c751e8b465ee728b)  -> (artifact id: 'e51f2a32f20252f91455710c47a100ad') in 0.008356 seconds
  Import took 0.010591 seconds .

========================================================================
Received Import Request.
  Time since last request: 0.029483 seconds.
  path: Assets/Scripts/TestController.cs
  artifactKey: Guid(d46ebb4efa39c524c9e12b513aa59c16) Importer(815301076,1909f56bfc062723c751e8b465ee728b)
Start importing Assets/Scripts/TestController.cs using Guid(d46ebb4efa39c524c9e12b513aa59c16) Importer(815301076,1909f56bfc062723c751e8b465ee728b)  -> (artifact id: 'e51f2a32f20252f91455710c47a100ad') in 0.002773 seconds
  Import took 0.004768 seconds .

========================================================================
Received Prepare
Registering precompiled user dll's ...
Registered in 0.000627 seconds.
Begin MonoManager ReloadAssembly
Native extension for WindowsStandalone target not found
Refreshing native plugins compatible for Editor in 0.27 ms, found 0 plugins.
Preloading 0 native plugins for Editor in 0.00 ms.
Invoked RoslynAnalysisRunner static constructor.
RoslynAnalysisRunner will not be running.
RoslynAnalysisRunner has terminated.
Mono: successfully reloaded assembly
- Completed reload, in  0.651 seconds
Platform modules already initialized, skipping
Refreshing native plugins compatible for Editor in 0.25 ms, found 0 plugins.
Preloading 0 native plugins for Editor in 0.00 ms.
Unloading 1091 Unused Serialized files (Serialized files now loaded: 0)
System memory in use before: 57.3 MB.
System memory in use after: 57.4 MB.

Unloading 5 unused Assets to reduce memory usage. Loaded Objects now: 1561.
Total: 1.541300 ms (FindLiveObjects: 0.175700 ms CreateObjectMapping: 0.025800 ms MarkObjects: 1.290700 ms  DeleteObjects: 0.048000 ms)

========================================================================
Received Import Request.
  Time since last request: 135.596386 seconds.
  path: Assets/Scripts/TankData.cs
  artifactKey: Guid(5af7e8908a8ac03408e4e582659c863e) Importer(815301076,1909f56bfc062723c751e8b465ee728b)
Start importing Assets/Scripts/TankData.cs using Guid(5af7e8908a8ac03408e4e582659c863e) Importer(815301076,1909f56bfc062723c751e8b465ee728b)  -> (artifact id: '34ca1789a554845b10d67da13028ccdc') in 0.011127 seconds
  Import took 0.013257 seconds .

========================================================================
Received Import Request.
  Time since last request: 0.000348 seconds.
  path: Assets/Scripts/TankData.cs
  artifactKey: Guid(5af7e8908a8ac03408e4e582659c863e) Importer(815301076,1909f56bfc062723c751e8b465ee728b)
Start importing Assets/Scripts/TankData.cs using Guid(5af7e8908a8ac03408e4e582659c863e) Importer(815301076,1909f56bfc062723c751e8b465ee728b)  -> (artifact id: '34ca1789a554845b10d67da13028ccdc') in 0.002662 seconds
  Import took 0.004234 seconds .

========================================================================
Received Prepare
Registering precompiled user dll's ...
Registered in 0.000675 seconds.
Begin MonoManager ReloadAssembly
Native extension for WindowsStandalone target not found
Refreshing native plugins compatible for Editor in 0.26 ms, found 0 plugins.
Preloading 0 native plugins for Editor in 0.00 ms.
Invoked RoslynAnalysisRunner static constructor.
RoslynAnalysisRunner will not be running.
RoslynAnalysisRunner has terminated.
Mono: successfully reloaded assembly
- Completed reload, in  0.679 seconds
Platform modules already initialized, skipping
Refreshing native plugins compatible for Editor in 0.28 ms, found 0 plugins.
Preloading 0 native plugins for Editor in 0.00 ms.
Unloading 1092 Unused Serialized files (Serialized files now loaded: 0)
System memory in use before: 57.4 MB.
System memory in use after: 57.5 MB.

Unloading 5 unused Assets to reduce memory usage. Loaded Objects now: 1564.
Total: 2.016400 ms (FindLiveObjects: 0.266700 ms CreateObjectMapping: 0.029900 ms MarkObjects: 1.658700 ms  DeleteObjects: 0.059900 ms)

========================================================================
Received Prepare
Registering precompiled user dll's ...
Registered in 0.000721 seconds.
Begin MonoManager ReloadAssembly
Native extension for WindowsStandalone target not found
Refreshing native plugins compatible for Editor in 0.25 ms, found 0 plugins.
Preloading 0 native plugins for Editor in 0.00 ms.
Invoked RoslynAnalysisRunner static constructor.
RoslynAnalysisRunner will not be running.
RoslynAnalysisRunner has terminated.
Mono: successfully reloaded assembly
- Completed reload, in  0.670 seconds
Platform modules already initialized, skipping
Refreshing native plugins compatible for Editor in 0.24 ms, found 0 plugins.
Preloading 0 native plugins for Editor in 0.00 ms.
Unloading 1092 Unused Serialized files (Serialized files now loaded: 0)
System memory in use before: 57.5 MB.
System memory in use after: 57.6 MB.

Unloading 5 unused Assets to reduce memory usage. Loaded Objects now: 1566.
Total: 1.809500 ms (FindLiveObjects: 0.182600 ms CreateObjectMapping: 0.034700 ms MarkObjects: 1.535700 ms  DeleteObjects: 0.055500 ms)

========================================================================
Received Import Request.
  Time since last request: 142.630323 seconds.
  path: Assets/Scripts/TankData.cs
  artifactKey: Guid(5af7e8908a8ac03408e4e582659c863e) Importer(815301076,1909f56bfc062723c751e8b465ee728b)
Start importing Assets/Scripts/TankData.cs using Guid(5af7e8908a8ac03408e4e582659c863e) Importer(815301076,1909f56bfc062723c751e8b465ee728b)  -> (artifact id: '14cce605f808d453d7064ca7c2bc972e') in 0.005228 seconds
  Import took 0.007221 seconds .

========================================================================
Received Prepare
Registering precompiled user dll's ...
Registered in 0.000661 seconds.
Begin MonoManager ReloadAssembly
Native extension for WindowsStandalone target not found
Refreshing native plugins compatible for Editor in 0.25 ms, found 0 plugins.
Preloading 0 native plugins for Editor in 0.00 ms.
Invoked RoslynAnalysisRunner static constructor.
RoslynAnalysisRunner will not be running.
RoslynAnalysisRunner has terminated.
Mono: successfully reloaded assembly
- Completed reload, in  0.662 seconds
Platform modules already initialized, skipping
Refreshing native plugins compatible for Editor in 0.23 ms, found 0 plugins.
Preloading 0 native plugins for Editor in 0.00 ms.
Unloading 1092 Unused Serialized files (Serialized files now loaded: 0)
System memory in use before: 57.6 MB.
System memory in use after: 57.7 MB.

Unloading 5 unused Assets to reduce memory usage. Loaded Objects now: 1568.
Total: 1.773800 ms (FindLiveObjects: 0.274400 ms CreateObjectMapping: 0.038700 ms MarkObjects: 1.406100 ms  DeleteObjects: 0.053100 ms)

========================================================================
Received Prepare
Registering precompiled user dll's ...
Registered in 0.000835 seconds.
Begin MonoManager ReloadAssembly
Native extension for WindowsStandalone target not found
Refreshing native plugins compatible for Editor in 0.26 ms, found 0 plugins.
Preloading 0 native plugins for Editor in 0.00 ms.
Invoked RoslynAnalysisRunner static constructor.
RoslynAnalysisRunner will not be running.
RoslynAnalysisRunner has terminated.
Mono: successfully reloaded assembly
- Completed reload, in  0.735 seconds
Platform modules already initialized, skipping
Refreshing native plugins compatible for Editor in 0.24 ms, found 0 plugins.
Preloading 0 native plugins for Editor in 0.00 ms.
Unloading 1092 Unused Serialized files (Serialized files now loaded: 0)
System memory in use before: 57.7 MB.
System memory in use after: 57.7 MB.

Unloading 5 unused Assets to reduce memory usage. Loaded Objects now: 1570.
Total: 1.683100 ms (FindLiveObjects: 0.182100 ms CreateObjectMapping: 0.028600 ms MarkObjects: 1.421400 ms  DeleteObjects: 0.050000 ms)

========================================================================
Received Import Request.
  Time since last request: 4707.847688 seconds.
  path: Assets/Scripts/TankMotor.cs
  artifactKey: Guid(2440a4c54f44e0348a62381c2b5f90b0) Importer(815301076,1909f56bfc062723c751e8b465ee728b)
Start importing Assets/Scripts/TankMotor.cs using Guid(2440a4c54f44e0348a62381c2b5f90b0) Importer(815301076,1909f56bfc062723c751e8b465ee728b)  -> (artifact id: 'cf6413a025fddcbb942e778e38104c9f') in 0.008886 seconds
  Import took 0.011580 seconds .

========================================================================
Received Import Request.
  Time since last request: 0.015452 seconds.
  path: Assets/Scripts/TankMotor.cs
  artifactKey: Guid(2440a4c54f44e0348a62381c2b5f90b0) Importer(815301076,1909f56bfc062723c751e8b465ee728b)
Start importing Assets/Scripts/TankMotor.cs using Guid(2440a4c54f44e0348a62381c2b5f90b0) Importer(815301076,1909f56bfc062723c751e8b465ee728b)  -> (artifact id: 'cf6413a025fddcbb942e778e38104c9f') in 0.002133 seconds
  Import took 0.004067 seconds .

AssetImportWorkerClient::OnTransportError - code=2 error=End of file
